0 info it worked if it ends with ok
1 verbose cli [ 'node', '/usr/local/bin/npm', 'run', 'babel' ]
2 info using npm@2.10.1
3 info using node@v0.12.4
4 verbose node symlink /usr/local/bin/node
5 verbose stack Error: Failed to parse json
5 verbose stack Unexpected token 'b' at 6:4
5 verbose stack 		"babel": "babel --watch ../scripts --out-dir ../../public/"
5 verbose stack 		 ^
5 verbose stack     at parseError (/usr/local/lib/node_modules/npm/node_modules/read-package-json/read-json.js:379:11)
5 verbose stack     at parseJson (/usr/local/lib/node_modules/npm/node_modules/read-package-json/read-json.js:68:23)
5 verbose stack     at /usr/local/lib/node_modules/npm/node_modules/read-package-json/read-json.js:48:5
5 verbose stack     at evalmachine.<anonymous>:334:14
5 verbose stack     at /usr/local/lib/node_modules/npm/node_modules/graceful-fs/graceful-fs.js:102:5
5 verbose stack     at FSReqWrap.oncomplete (evalmachine.<anonymous>:95:15)
6 verbose cwd /Users/jaime/Sites/web/lib/main
7 error Darwin 14.3.0
8 error argv "node" "/usr/local/bin/npm" "run" "babel"
9 error node v0.12.4
10 error npm  v2.10.1
11 error file /Users/jaime/Sites/web/lib/main/package.json
12 error code EJSONPARSE
13 error Failed to parse json
13 error Unexpected token 'b' at 6:4
13 error 		"babel": "babel --watch ../scripts --out-dir ../../public/"
13 error 		 ^
14 error File: /Users/jaime/Sites/web/lib/main/package.json
15 error Failed to parse package.json data.
15 error package.json must be actual JSON, not just JavaScript.
15 error
15 error This is not a bug in npm.
15 error Tell the package author to fix their package.json file. JSON.parse
16 verbose exit [ 1, true ]
